2018-06-19 17:39:23.605 fetch-prj [           main] INFO  com.sbolo.syk.fetch.fetchApplication - Starting fetchApplication on DESKTOP-HCVG811 with PID 14108 (D:\_dev\workspace_syk\fetch-prj\target\classes started by 李灏鹏 in D:\_dev\workspace_syk\fetch-prj)
2018-06-19 17:39:23.608 fetch-prj [           main] INFO  com.sbolo.syk.fetch.fetchApplication - No active profile set, falling back to default profiles: default
2018-06-19 17:39:23.672 fetch-prj [           main] INFO  o.s.b.w.s.c.AnnotationConfigServletWebServerApplicationContext - Refreshing org.springframework.boot.web.servlet.context.AnnotationConfigServletWebServerApplicationContext@1b75c2e3: startup date [Tue Jun 19 17:39:23 CST 2018]; root of context hierarchy
2018-06-19 17:39:24.688 fetch-prj [           main] INFO  o.s.d.r.c.RepositoryConfigurationDelegate - Multiple Spring Data modules found, entering strict repository configuration mode!
2018-06-19 17:39:25.185 fetch-prj [           main] INFO  o.s.c.s.PostProcessorRegistrationDelegate$BeanPostProcessorChecker - Bean 'org.springframework.transaction.annotation.ProxyTransactionManagementConfiguration' of type [org.springframework.transaction.annotation.ProxyTransactionManagementConfiguration$$EnhancerBySpringCGLIB$$47e34512] is not eligible for getting processed by all BeanPostProcessors (for example: not eligible for auto-proxying)
2018-06-19 17:39:25.666 fetch-prj [           main] INFO  o.s.b.w.e.tomcat.TomcatWebServer - Tomcat initialized with port(s): 30001 (http)
2018-06-19 17:39:25.683 fetch-prj [           main] INFO  o.a.coyote.http11.Http11NioProtocol - Initializing ProtocolHandler ["http-nio-30001"]
2018-06-19 17:39:25.697 fetch-prj [           main] INFO  o.a.catalina.core.StandardService - Starting service [Tomcat]
2018-06-19 17:39:25.698 fetch-prj [           main] INFO  o.a.catalina.core.StandardEngine - Starting Servlet Engine: Apache Tomcat/8.5.31
2018-06-19 17:39:25.706 fetch-prj [ost-startStop-1] INFO  o.a.c.core.AprLifecycleListener - The APR based Apache Tomcat Native library which allows optimal performance in production environments was not found on the java.library.path: [C:\Program Files\Java\jre1.8.0_161\bin;C:\WINDOWS\Sun\Java\bin;C:\WINDOWS\system32;C:\WINDOWS;C:/Program Files/Java/jre1.8.0_161/bin/server;C:/Program Files/Java/jre1.8.0_161/bin;C:/Program Files/Java/jre1.8.0_161/lib/amd64;C:\ProgramData\Oracle\Java\javapath;C:\WINDOWS\system32;C:\WINDOWS;C:\WINDOWS\System32\Wbem;C:\WINDOWS\System32\WindowsPowerShell\v1.0\;C:\Program Files (x86)\NVIDIA Corporation\PhysX\Common;C:\Program Files\Java\jdk1.8.0_161\bin;D:\Program Files\TortoiseSVN\bin;D:\_dev\apache-maven-3.5.2\bin;C:\WINDOWS\system32;C:\WINDOWS;C:\WINDOWS\System32\Wbem;C:\WINDOWS\System32\WindowsPowerShell\v1.0\;C:\WINDOWS\System32\OpenSSH\;D:\_dev\mysql\bin;C:\Users\李灏鹏\AppData\Local\Microsoft\WindowsApps;C:\Users\李灏鹏\AppData\Local\GitHubDesktop\bin;D:\_dev\eclipse;;.]
2018-06-19 17:39:26.162 fetch-prj [ost-startStop-1] INFO  org.apache.jasper.servlet.TldScanner - At least one JAR was scanned for TLDs yet contained no TLDs. Enable debug logging for this logger for a complete list of JARs that were scanned but no TLDs were found in them. Skipping unneeded JARs during scanning can improve startup time and JSP compilation time.
2018-06-19 17:39:26.169 fetch-prj [ost-startStop-1] INFO  o.a.c.c.C.[Tomcat].[localhost].[/] - Initializing Spring embedded WebApplicationContext
2018-06-19 17:39:26.170 fetch-prj [ost-startStop-1] INFO  o.s.web.context.ContextLoader - Root WebApplicationContext: initialization completed in 2498 ms
2018-06-19 17:39:26.372 fetch-prj [ost-startStop-1] INFO  o.s.b.w.s.ServletRegistrationBean - Servlet dispatcherServlet mapped to [/]
2018-06-19 17:39:26.380 fetch-prj [ost-startStop-1] INFO  o.s.b.w.s.FilterRegistrationBean - Mapping filter: 'characterEncodingFilter' to: [/*]
2018-06-19 17:39:26.382 fetch-prj [ost-startStop-1] INFO  o.s.b.w.s.FilterRegistrationBean - Mapping filter: 'hiddenHttpMethodFilter' to: [/*]
2018-06-19 17:39:26.382 fetch-prj [ost-startStop-1] INFO  o.s.b.w.s.FilterRegistrationBean - Mapping filter: 'httpPutFormContentFilter' to: [/*]
2018-06-19 17:39:26.382 fetch-prj [ost-startStop-1] INFO  o.s.b.w.s.FilterRegistrationBean - Mapping filter: 'requestContextFilter' to: [/*]
2018-06-19 17:39:26.449 fetch-prj [           main] INFO  o.a.catalina.core.StandardService - Stopping service [Tomcat]
2018-06-19 17:44:07.310 fetch-prj [           main] INFO  com.sbolo.syk.fetch.fetchApplication - Starting fetchApplication on DESKTOP-HCVG811 with PID 14832 (D:\_dev\workspace_syk\fetch-prj\target\classes started by 李灏鹏 in D:\_dev\workspace_syk\fetch-prj)
2018-06-19 17:44:07.314 fetch-prj [           main] INFO  com.sbolo.syk.fetch.fetchApplication - No active profile set, falling back to default profiles: default
2018-06-19 17:44:07.363 fetch-prj [           main] INFO  o.s.b.w.s.c.AnnotationConfigServletWebServerApplicationContext - Refreshing org.springframework.boot.web.servlet.context.AnnotationConfigServletWebServerApplicationContext@2b0f373b: startup date [Tue Jun 19 17:44:07 CST 2018]; root of context hierarchy
2018-06-19 17:44:08.233 fetch-prj [           main] INFO  o.s.d.r.c.RepositoryConfigurationDelegate - Multiple Spring Data modules found, entering strict repository configuration mode!
2018-06-19 17:44:08.681 fetch-prj [           main] INFO  o.s.c.s.PostProcessorRegistrationDelegate$BeanPostProcessorChecker - Bean 'org.springframework.transaction.annotation.ProxyTransactionManagementConfiguration' of type [org.springframework.transaction.annotation.ProxyTransactionManagementConfiguration$$EnhancerBySpringCGLIB$$4a417c68] is not eligible for getting processed by all BeanPostProcessors (for example: not eligible for auto-proxying)
2018-06-19 17:44:09.205 fetch-prj [           main] INFO  o.s.b.w.e.tomcat.TomcatWebServer - Tomcat initialized with port(s): 30001 (http)
2018-06-19 17:44:09.223 fetch-prj [           main] INFO  o.a.coyote.http11.Http11NioProtocol - Initializing ProtocolHandler ["http-nio-30001"]
2018-06-19 17:44:09.242 fetch-prj [           main] INFO  o.a.catalina.core.StandardService - Starting service [Tomcat]
2018-06-19 17:44:09.242 fetch-prj [           main] INFO  o.a.catalina.core.StandardEngine - Starting Servlet Engine: Apache Tomcat/8.5.31
2018-06-19 17:44:09.255 fetch-prj [ost-startStop-1] INFO  o.a.c.core.AprLifecycleListener - The APR based Apache Tomcat Native library which allows optimal performance in production environments was not found on the java.library.path: [C:\Program Files\Java\jre1.8.0_161\bin;C:\WINDOWS\Sun\Java\bin;C:\WINDOWS\system32;C:\WINDOWS;C:/Program Files/Java/jre1.8.0_161/bin/server;C:/Program Files/Java/jre1.8.0_161/bin;C:/Program Files/Java/jre1.8.0_161/lib/amd64;C:\ProgramData\Oracle\Java\javapath;C:\WINDOWS\system32;C:\WINDOWS;C:\WINDOWS\System32\Wbem;C:\WINDOWS\System32\WindowsPowerShell\v1.0\;C:\Program Files (x86)\NVIDIA Corporation\PhysX\Common;C:\Program Files\Java\jdk1.8.0_161\bin;D:\Program Files\TortoiseSVN\bin;D:\_dev\apache-maven-3.5.2\bin;C:\WINDOWS\system32;C:\WINDOWS;C:\WINDOWS\System32\Wbem;C:\WINDOWS\System32\WindowsPowerShell\v1.0\;C:\WINDOWS\System32\OpenSSH\;D:\_dev\mysql\bin;C:\Users\李灏鹏\AppData\Local\Microsoft\WindowsApps;C:\Users\李灏鹏\AppData\Local\GitHubDesktop\bin;D:\_dev\eclipse;;.]
2018-06-19 17:44:09.511 fetch-prj [ost-startStop-1] INFO  org.apache.jasper.servlet.TldScanner - At least one JAR was scanned for TLDs yet contained no TLDs. Enable debug logging for this logger for a complete list of JARs that were scanned but no TLDs were found in them. Skipping unneeded JARs during scanning can improve startup time and JSP compilation time.
2018-06-19 17:44:09.517 fetch-prj [ost-startStop-1] INFO  o.a.c.c.C.[Tomcat].[localhost].[/] - Initializing Spring embedded WebApplicationContext
2018-06-19 17:44:09.517 fetch-prj [ost-startStop-1] INFO  o.s.web.context.ContextLoader - Root WebApplicationContext: initialization completed in 2154 ms
2018-06-19 17:44:09.675 fetch-prj [ost-startStop-1] INFO  o.s.b.w.s.ServletRegistrationBean - Servlet dispatcherServlet mapped to [/]
2018-06-19 17:44:09.680 fetch-prj [ost-startStop-1] INFO  o.s.b.w.s.FilterRegistrationBean - Mapping filter: 'characterEncodingFilter' to: [/*]
2018-06-19 17:44:09.680 fetch-prj [ost-startStop-1] INFO  o.s.b.w.s.FilterRegistrationBean - Mapping filter: 'hiddenHttpMethodFilter' to: [/*]
2018-06-19 17:44:09.681 fetch-prj [ost-startStop-1] INFO  o.s.b.w.s.FilterRegistrationBean - Mapping filter: 'httpPutFormContentFilter' to: [/*]
2018-06-19 17:44:09.681 fetch-prj [ost-startStop-1] INFO  o.s.b.w.s.FilterRegistrationBean - Mapping filter: 'requestContextFilter' to: [/*]
2018-06-19 17:44:09.733 fetch-prj [           main] INFO  o.a.catalina.core.StandardService - Stopping service [Tomcat]
2018-06-19 17:44:20.617 fetch-prj [           main] INFO  com.sbolo.syk.fetch.fetchApplication - Starting fetchApplication on DESKTOP-HCVG811 with PID 5688 (D:\_dev\workspace_syk\fetch-prj\target\classes started by 李灏鹏 in D:\_dev\workspace_syk\fetch-prj)
2018-06-19 17:44:20.621 fetch-prj [           main] INFO  com.sbolo.syk.fetch.fetchApplication - No active profile set, falling back to default profiles: default
2018-06-19 17:44:20.675 fetch-prj [           main] INFO  o.s.b.w.s.c.AnnotationConfigServletWebServerApplicationContext - Refreshing org.springframework.boot.web.servlet.context.AnnotationConfigServletWebServerApplicationContext@517d4a0d: startup date [Tue Jun 19 17:44:20 CST 2018]; root of context hierarchy
2018-06-19 17:44:21.594 fetch-prj [           main] INFO  o.s.d.r.c.RepositoryConfigurationDelegate - Multiple Spring Data modules found, entering strict repository configuration mode!
2018-06-19 17:44:22.036 fetch-prj [           main] INFO  o.s.c.s.PostProcessorRegistrationDelegate$BeanPostProcessorChecker - Bean 'org.springframework.transaction.annotation.ProxyTransactionManagementConfiguration' of type [org.springframework.transaction.annotation.ProxyTransactionManagementConfiguration$$EnhancerBySpringCGLIB$$a62ed8ed] is not eligible for getting processed by all BeanPostProcessors (for example: not eligible for auto-proxying)
2018-06-19 17:44:22.524 fetch-prj [           main] INFO  o.s.b.w.e.tomcat.TomcatWebServer - Tomcat initialized with port(s): 30001 (http)
2018-06-19 17:44:22.538 fetch-prj [           main] INFO  o.a.coyote.http11.Http11NioProtocol - Initializing ProtocolHandler ["http-nio-30001"]
2018-06-19 17:44:22.550 fetch-prj [           main] INFO  o.a.catalina.core.StandardService - Starting service [Tomcat]
2018-06-19 17:44:22.550 fetch-prj [           main] INFO  o.a.catalina.core.StandardEngine - Starting Servlet Engine: Apache Tomcat/8.5.31
2018-06-19 17:44:22.558 fetch-prj [ost-startStop-1] INFO  o.a.c.core.AprLifecycleListener - The APR based Apache Tomcat Native library which allows optimal performance in production environments was not found on the java.library.path: [C:\Program Files\Java\jre1.8.0_161\bin;C:\WINDOWS\Sun\Java\bin;C:\WINDOWS\system32;C:\WINDOWS;C:/Program Files/Java/jre1.8.0_161/bin/server;C:/Program Files/Java/jre1.8.0_161/bin;C:/Program Files/Java/jre1.8.0_161/lib/amd64;C:\ProgramData\Oracle\Java\javapath;C:\WINDOWS\system32;C:\WINDOWS;C:\WINDOWS\System32\Wbem;C:\WINDOWS\System32\WindowsPowerShell\v1.0\;C:\Program Files (x86)\NVIDIA Corporation\PhysX\Common;C:\Program Files\Java\jdk1.8.0_161\bin;D:\Program Files\TortoiseSVN\bin;D:\_dev\apache-maven-3.5.2\bin;C:\WINDOWS\system32;C:\WINDOWS;C:\WINDOWS\System32\Wbem;C:\WINDOWS\System32\WindowsPowerShell\v1.0\;C:\WINDOWS\System32\OpenSSH\;D:\_dev\mysql\bin;C:\Users\李灏鹏\AppData\Local\Microsoft\WindowsApps;C:\Users\李灏鹏\AppData\Local\GitHubDesktop\bin;D:\_dev\eclipse;;.]
2018-06-19 17:44:22.814 fetch-prj [ost-startStop-1] INFO  org.apache.jasper.servlet.TldScanner - At least one JAR was scanned for TLDs yet contained no TLDs. Enable debug logging for this logger for a complete list of JARs that were scanned but no TLDs were found in them. Skipping unneeded JARs during scanning can improve startup time and JSP compilation time.
2018-06-19 17:44:22.822 fetch-prj [ost-startStop-1] INFO  o.a.c.c.C.[Tomcat].[localhost].[/] - Initializing Spring embedded WebApplicationContext
2018-06-19 17:44:22.823 fetch-prj [ost-startStop-1] INFO  o.s.web.context.ContextLoader - Root WebApplicationContext: initialization completed in 2149 ms
2018-06-19 17:44:22.986 fetch-prj [ost-startStop-1] INFO  o.s.b.w.s.ServletRegistrationBean - Servlet dispatcherServlet mapped to [/]
2018-06-19 17:44:22.990 fetch-prj [ost-startStop-1] INFO  o.s.b.w.s.FilterRegistrationBean - Mapping filter: 'characterEncodingFilter' to: [/*]
2018-06-19 17:44:22.991 fetch-prj [ost-startStop-1] INFO  o.s.b.w.s.FilterRegistrationBean - Mapping filter: 'hiddenHttpMethodFilter' to: [/*]
2018-06-19 17:44:22.991 fetch-prj [ost-startStop-1] INFO  o.s.b.w.s.FilterRegistrationBean - Mapping filter: 'httpPutFormContentFilter' to: [/*]
2018-06-19 17:44:22.991 fetch-prj [ost-startStop-1] INFO  o.s.b.w.s.FilterRegistrationBean - Mapping filter: 'requestContextFilter' to: [/*]
2018-06-19 17:44:23.040 fetch-prj [           main] INFO  o.a.catalina.core.StandardService - Stopping service [Tomcat]
2018-06-19 17:47:01.209 fetch-prj [           main] INFO  com.sbolo.syk.fetch.fetchApplication - Starting fetchApplication on DESKTOP-HCVG811 with PID 1768 (D:\_dev\workspace_syk\fetch-prj\target\classes started by 李灏鹏 in D:\_dev\workspace_syk\fetch-prj)
2018-06-19 17:47:01.214 fetch-prj [           main] INFO  com.sbolo.syk.fetch.fetchApplication - No active profile set, falling back to default profiles: default
2018-06-19 17:47:01.261 fetch-prj [           main] INFO  o.s.b.w.s.c.AnnotationConfigServletWebServerApplicationContext - Refreshing org.springframework.boot.web.servlet.context.AnnotationConfigServletWebServerApplicationContext@134d26af: startup date [Tue Jun 19 17:47:01 CST 2018]; root of context hierarchy
2018-06-19 17:47:02.123 fetch-prj [           main] INFO  o.s.d.r.c.RepositoryConfigurationDelegate - Multiple Spring Data modules found, entering strict repository configuration mode!
2018-06-19 17:47:02.558 fetch-prj [           main] INFO  o.s.c.s.PostProcessorRegistrationDelegate$BeanPostProcessorChecker - Bean 'org.springframework.transaction.annotation.ProxyTransactionManagementConfiguration' of type [org.springframework.transaction.annotation.ProxyTransactionManagementConfiguration$$EnhancerBySpringCGLIB$$6798b4a2] is not eligible for getting processed by all BeanPostProcessors (for example: not eligible for auto-proxying)
2018-06-19 17:47:03.030 fetch-prj [           main] INFO  o.s.b.w.e.tomcat.TomcatWebServer - Tomcat initialized with port(s): 30001 (http)
2018-06-19 17:47:03.044 fetch-prj [           main] INFO  o.a.coyote.http11.Http11NioProtocol - Initializing ProtocolHandler ["http-nio-30001"]
2018-06-19 17:47:03.057 fetch-prj [           main] INFO  o.a.catalina.core.StandardService - Starting service [Tomcat]
2018-06-19 17:47:03.057 fetch-prj [           main] INFO  o.a.catalina.core.StandardEngine - Starting Servlet Engine: Apache Tomcat/8.5.31
2018-06-19 17:47:03.066 fetch-prj [ost-startStop-1] INFO  o.a.c.core.AprLifecycleListener - The APR based Apache Tomcat Native library which allows optimal performance in production environments was not found on the java.library.path: [C:\Program Files\Java\jre1.8.0_161\bin;C:\WINDOWS\Sun\Java\bin;C:\WINDOWS\system32;C:\WINDOWS;C:/Program Files/Java/jre1.8.0_161/bin/server;C:/Program Files/Java/jre1.8.0_161/bin;C:/Program Files/Java/jre1.8.0_161/lib/amd64;C:\ProgramData\Oracle\Java\javapath;C:\WINDOWS\system32;C:\WINDOWS;C:\WINDOWS\System32\Wbem;C:\WINDOWS\System32\WindowsPowerShell\v1.0\;C:\Program Files (x86)\NVIDIA Corporation\PhysX\Common;C:\Program Files\Java\jdk1.8.0_161\bin;D:\Program Files\TortoiseSVN\bin;D:\_dev\apache-maven-3.5.2\bin;C:\WINDOWS\system32;C:\WINDOWS;C:\WINDOWS\System32\Wbem;C:\WINDOWS\System32\WindowsPowerShell\v1.0\;C:\WINDOWS\System32\OpenSSH\;D:\_dev\mysql\bin;C:\Users\李灏鹏\AppData\Local\Microsoft\WindowsApps;C:\Users\李灏鹏\AppData\Local\GitHubDesktop\bin;D:\_dev\eclipse;;.]
2018-06-19 17:47:03.322 fetch-prj [ost-startStop-1] INFO  org.apache.jasper.servlet.TldScanner - At least one JAR was scanned for TLDs yet contained no TLDs. Enable debug logging for this logger for a complete list of JARs that were scanned but no TLDs were found in them. Skipping unneeded JARs during scanning can improve startup time and JSP compilation time.
2018-06-19 17:47:03.327 fetch-prj [ost-startStop-1] INFO  o.a.c.c.C.[Tomcat].[localhost].[/] - Initializing Spring embedded WebApplicationContext
2018-06-19 17:47:03.328 fetch-prj [ost-startStop-1] INFO  o.s.web.context.ContextLoader - Root WebApplicationContext: initialization completed in 2067 ms
2018-06-19 17:47:03.485 fetch-prj [ost-startStop-1] INFO  o.s.b.w.s.ServletRegistrationBean - Servlet dispatcherServlet mapped to [/]
2018-06-19 17:47:03.492 fetch-prj [ost-startStop-1] INFO  o.s.b.w.s.FilterRegistrationBean - Mapping filter: 'characterEncodingFilter' to: [/*]
2018-06-19 17:47:03.492 fetch-prj [ost-startStop-1] INFO  o.s.b.w.s.FilterRegistrationBean - Mapping filter: 'hiddenHttpMethodFilter' to: [/*]
2018-06-19 17:47:03.492 fetch-prj [ost-startStop-1] INFO  o.s.b.w.s.FilterRegistrationBean - Mapping filter: 'httpPutFormContentFilter' to: [/*]
2018-06-19 17:47:03.492 fetch-prj [ost-startStop-1] INFO  o.s.b.w.s.FilterRegistrationBean - Mapping filter: 'requestContextFilter' to: [/*]
2018-06-19 17:47:03.539 fetch-prj [           main] INFO  o.a.catalina.core.StandardService - Stopping service [Tomcat]
2018-06-19 17:48:17.132 fetch-prj [           main] INFO  com.sbolo.syk.fetch.fetchApplication - Starting fetchApplication on DESKTOP-HCVG811 with PID 512 (D:\_dev\workspace_syk\fetch-prj\target\classes started by 李灏鹏 in D:\_dev\workspace_syk\fetch-prj)
2018-06-19 17:48:17.135 fetch-prj [           main] INFO  com.sbolo.syk.fetch.fetchApplication - No active profile set, falling back to default profiles: default
2018-06-19 17:48:17.182 fetch-prj [           main] INFO  o.s.b.w.s.c.AnnotationConfigServletWebServerApplicationContext - Refreshing org.springframework.boot.web.servlet.context.AnnotationConfigServletWebServerApplicationContext@1984b1f: startup date [Tue Jun 19 17:48:17 CST 2018]; root of context hierarchy
2018-06-19 17:48:18.034 fetch-prj [           main] INFO  o.s.d.r.c.RepositoryConfigurationDelegate - Multiple Spring Data modules found, entering strict repository configuration mode!
2018-06-19 17:48:18.465 fetch-prj [           main] INFO  o.s.c.s.PostProcessorRegistrationDelegate$BeanPostProcessorChecker - Bean 'org.springframework.transaction.annotation.ProxyTransactionManagementConfiguration' of type [org.springframework.transaction.annotation.ProxyTransactionManagementConfiguration$$EnhancerBySpringCGLIB$$297a7653] is not eligible for getting processed by all BeanPostProcessors (for example: not eligible for auto-proxying)
2018-06-19 17:48:18.910 fetch-prj [           main] INFO  o.s.b.w.e.tomcat.TomcatWebServer - Tomcat initialized with port(s): 30001 (http)
2018-06-19 17:48:18.922 fetch-prj [           main] INFO  o.a.coyote.http11.Http11NioProtocol - Initializing ProtocolHandler ["http-nio-30001"]
2018-06-19 17:48:18.934 fetch-prj [           main] INFO  o.a.catalina.core.StandardService - Starting service [Tomcat]
2018-06-19 17:48:18.934 fetch-prj [           main] INFO  o.a.catalina.core.StandardEngine - Starting Servlet Engine: Apache Tomcat/8.5.31
2018-06-19 17:48:18.942 fetch-prj [ost-startStop-1] INFO  o.a.c.core.AprLifecycleListener - The APR based Apache Tomcat Native library which allows optimal performance in production environments was not found on the java.library.path: [C:\Program Files\Java\jre1.8.0_161\bin;C:\WINDOWS\Sun\Java\bin;C:\WINDOWS\system32;C:\WINDOWS;C:/Program Files/Java/jre1.8.0_161/bin/server;C:/Program Files/Java/jre1.8.0_161/bin;C:/Program Files/Java/jre1.8.0_161/lib/amd64;C:\ProgramData\Oracle\Java\javapath;C:\WINDOWS\system32;C:\WINDOWS;C:\WINDOWS\System32\Wbem;C:\WINDOWS\System32\WindowsPowerShell\v1.0\;C:\Program Files (x86)\NVIDIA Corporation\PhysX\Common;C:\Program Files\Java\jdk1.8.0_161\bin;D:\Program Files\TortoiseSVN\bin;D:\_dev\apache-maven-3.5.2\bin;C:\WINDOWS\system32;C:\WINDOWS;C:\WINDOWS\System32\Wbem;C:\WINDOWS\System32\WindowsPowerShell\v1.0\;C:\WINDOWS\System32\OpenSSH\;D:\_dev\mysql\bin;C:\Users\李灏鹏\AppData\Local\Microsoft\WindowsApps;C:\Users\李灏鹏\AppData\Local\GitHubDesktop\bin;D:\_dev\eclipse;;.]
2018-06-19 17:48:19.187 fetch-prj [ost-startStop-1] INFO  org.apache.jasper.servlet.TldScanner - At least one JAR was scanned for TLDs yet contained no TLDs. Enable debug logging for this logger for a complete list of JARs that were scanned but no TLDs were found in them. Skipping unneeded JARs during scanning can improve startup time and JSP compilation time.
2018-06-19 17:48:19.194 fetch-prj [ost-startStop-1] INFO  o.a.c.c.C.[Tomcat].[localhost].[/] - Initializing Spring embedded WebApplicationContext
2018-06-19 17:48:19.195 fetch-prj [ost-startStop-1] INFO  o.s.web.context.ContextLoader - Root WebApplicationContext: initialization completed in 2013 ms
2018-06-19 17:48:19.336 fetch-prj [ost-startStop-1] INFO  o.s.b.w.s.ServletRegistrationBean - Servlet dispatcherServlet mapped to [/]
2018-06-19 17:48:19.340 fetch-prj [ost-startStop-1] INFO  o.s.b.w.s.FilterRegistrationBean - Mapping filter: 'characterEncodingFilter' to: [/*]
2018-06-19 17:48:19.341 fetch-prj [ost-startStop-1] INFO  o.s.b.w.s.FilterRegistrationBean - Mapping filter: 'hiddenHttpMethodFilter' to: [/*]
2018-06-19 17:48:19.341 fetch-prj [ost-startStop-1] INFO  o.s.b.w.s.FilterRegistrationBean - Mapping filter: 'httpPutFormContentFilter' to: [/*]
2018-06-19 17:48:19.341 fetch-prj [ost-startStop-1] INFO  o.s.b.w.s.FilterRegistrationBean - Mapping filter: 'requestContextFilter' to: [/*]
2018-06-19 17:48:19.396 fetch-prj [           main] INFO  o.a.catalina.core.StandardService - Stopping service [Tomcat]
2018-06-19 17:51:26.689 fetch-prj [           main] INFO  com.sbolo.syk.fetch.fetchApplication - Starting fetchApplication on DESKTOP-HCVG811 with PID 2320 (D:\_dev\workspace_syk\fetch-prj\target\classes started by 李灏鹏 in D:\_dev\workspace_syk\fetch-prj)
2018-06-19 17:51:26.693 fetch-prj [           main] INFO  com.sbolo.syk.fetch.fetchApplication - No active profile set, falling back to default profiles: default
2018-06-19 17:51:26.738 fetch-prj [           main] INFO  o.s.b.w.s.c.AnnotationConfigServletWebServerApplicationContext - Refreshing org.springframework.boot.web.servlet.context.AnnotationConfigServletWebServerApplicationContext@2072acb2: startup date [Tue Jun 19 17:51:26 CST 2018]; root of context hierarchy
2018-06-19 17:51:27.593 fetch-prj [           main] INFO  o.s.d.r.c.RepositoryConfigurationDelegate - Multiple Spring Data modules found, entering strict repository configuration mode!
2018-06-19 17:51:28.004 fetch-prj [           main] INFO  o.s.c.s.PostProcessorRegistrationDelegate$BeanPostProcessorChecker - Bean 'org.springframework.transaction.annotation.ProxyTransactionManagementConfiguration' of type [org.springframework.transaction.annotation.ProxyTransactionManagementConfiguration$$EnhancerBySpringCGLIB$$ec742d6f] is not eligible for getting processed by all BeanPostProcessors (for example: not eligible for auto-proxying)
2018-06-19 17:51:28.444 fetch-prj [           main] INFO  o.s.b.w.e.tomcat.TomcatWebServer - Tomcat initialized with port(s): 30001 (http)
2018-06-19 17:51:28.458 fetch-prj [           main] INFO  o.a.coyote.http11.Http11NioProtocol - Initializing ProtocolHandler ["http-nio-30001"]
2018-06-19 17:51:28.471 fetch-prj [           main] INFO  o.a.catalina.core.StandardService - Starting service [Tomcat]
2018-06-19 17:51:28.471 fetch-prj [           main] INFO  o.a.catalina.core.StandardEngine - Starting Servlet Engine: Apache Tomcat/8.5.31
2018-06-19 17:51:28.481 fetch-prj [ost-startStop-1] INFO  o.a.c.core.AprLifecycleListener - The APR based Apache Tomcat Native library which allows optimal performance in production environments was not found on the java.library.path: [C:\Program Files\Java\jre1.8.0_161\bin;C:\WINDOWS\Sun\Java\bin;C:\WINDOWS\system32;C:\WINDOWS;C:/Program Files/Java/jre1.8.0_161/bin/server;C:/Program Files/Java/jre1.8.0_161/bin;C:/Program Files/Java/jre1.8.0_161/lib/amd64;C:\ProgramData\Oracle\Java\javapath;C:\WINDOWS\system32;C:\WINDOWS;C:\WINDOWS\System32\Wbem;C:\WINDOWS\System32\WindowsPowerShell\v1.0\;C:\Program Files (x86)\NVIDIA Corporation\PhysX\Common;C:\Program Files\Java\jdk1.8.0_161\bin;D:\Program Files\TortoiseSVN\bin;D:\_dev\apache-maven-3.5.2\bin;C:\WINDOWS\system32;C:\WINDOWS;C:\WINDOWS\System32\Wbem;C:\WINDOWS\System32\WindowsPowerShell\v1.0\;C:\WINDOWS\System32\OpenSSH\;D:\_dev\mysql\bin;C:\Users\李灏鹏\AppData\Local\Microsoft\WindowsApps;C:\Users\李灏鹏\AppData\Local\GitHubDesktop\bin;D:\_dev\eclipse;;.]
2018-06-19 17:51:28.745 fetch-prj [ost-startStop-1] INFO  org.apache.jasper.servlet.TldScanner - At least one JAR was scanned for TLDs yet contained no TLDs. Enable debug logging for this logger for a complete list of JARs that were scanned but no TLDs were found in them. Skipping unneeded JARs during scanning can improve startup time and JSP compilation time.
2018-06-19 17:51:28.751 fetch-prj [ost-startStop-1] INFO  o.a.c.c.C.[Tomcat].[localhost].[/] - Initializing Spring embedded WebApplicationContext
2018-06-19 17:51:28.751 fetch-prj [ost-startStop-1] INFO  o.s.web.context.ContextLoader - Root WebApplicationContext: initialization completed in 2013 ms
2018-06-19 17:51:28.890 fetch-prj [ost-startStop-1] INFO  o.s.b.w.s.ServletRegistrationBean - Servlet dispatcherServlet mapped to [/]
2018-06-19 17:51:28.894 fetch-prj [ost-startStop-1] INFO  o.s.b.w.s.FilterRegistrationBean - Mapping filter: 'characterEncodingFilter' to: [/*]
2018-06-19 17:51:28.895 fetch-prj [ost-startStop-1] INFO  o.s.b.w.s.FilterRegistrationBean - Mapping filter: 'hiddenHttpMethodFilter' to: [/*]
2018-06-19 17:51:28.895 fetch-prj [ost-startStop-1] INFO  o.s.b.w.s.FilterRegistrationBean - Mapping filter: 'httpPutFormContentFilter' to: [/*]
2018-06-19 17:51:28.895 fetch-prj [ost-startStop-1] INFO  o.s.b.w.s.FilterRegistrationBean - Mapping filter: 'requestContextFilter' to: [/*]
2018-06-19 17:51:28.940 fetch-prj [           main] INFO  o.a.catalina.core.StandardService - Stopping service [Tomcat]
2018-06-19 17:53:27.009 fetch-prj [           main] INFO  com.sbolo.syk.fetch.fetchApplication - Starting fetchApplication on DESKTOP-HCVG811 with PID 15488 (D:\_dev\workspace_syk\fetch-prj\target\classes started by 李灏鹏 in D:\_dev\workspace_syk\fetch-prj)
2018-06-19 17:53:27.013 fetch-prj [           main] INFO  com.sbolo.syk.fetch.fetchApplication - No active profile set, falling back to default profiles: default
2018-06-19 17:53:27.060 fetch-prj [           main] INFO  o.s.b.w.s.c.AnnotationConfigServletWebServerApplicationContext - Refreshing org.springframework.boot.web.servlet.context.AnnotationConfigServletWebServerApplicationContext@6bc407fd: startup date [Tue Jun 19 17:53:27 CST 2018]; root of context hierarchy
2018-06-19 17:53:27.919 fetch-prj [           main] INFO  o.s.d.r.c.RepositoryConfigurationDelegate - Multiple Spring Data modules found, entering strict repository configuration mode!
2018-06-19 17:53:28.347 fetch-prj [           main] INFO  o.s.c.s.PostProcessorRegistrationDelegate$BeanPostProcessorChecker - Bean 'org.springframework.transaction.annotation.ProxyTransactionManagementConfiguration' of type [org.springframework.transaction.annotation.ProxyTransactionManagementConfiguration$$EnhancerBySpringCGLIB$$3b4dc1b4] is not eligible for getting processed by all BeanPostProcessors (for example: not eligible for auto-proxying)
2018-06-19 17:53:28.821 fetch-prj [           main] INFO  o.s.b.w.e.tomcat.TomcatWebServer - Tomcat initialized with port(s): 30001 (http)
2018-06-19 17:53:28.834 fetch-prj [           main] INFO  o.a.coyote.http11.Http11NioProtocol - Initializing ProtocolHandler ["http-nio-30001"]
2018-06-19 17:53:28.848 fetch-prj [           main] INFO  o.a.catalina.core.StandardService - Starting service [Tomcat]
2018-06-19 17:53:28.848 fetch-prj [           main] INFO  o.a.catalina.core.StandardEngine - Starting Servlet Engine: Apache Tomcat/8.5.31
2018-06-19 17:53:28.857 fetch-prj [ost-startStop-1] INFO  o.a.c.core.AprLifecycleListener - The APR based Apache Tomcat Native library which allows optimal performance in production environments was not found on the java.library.path: [C:\Program Files\Java\jre1.8.0_161\bin;C:\WINDOWS\Sun\Java\bin;C:\WINDOWS\system32;C:\WINDOWS;C:/Program Files/Java/jre1.8.0_161/bin/server;C:/Program Files/Java/jre1.8.0_161/bin;C:/Program Files/Java/jre1.8.0_161/lib/amd64;C:\ProgramData\Oracle\Java\javapath;C:\WINDOWS\system32;C:\WINDOWS;C:\WINDOWS\System32\Wbem;C:\WINDOWS\System32\WindowsPowerShell\v1.0\;C:\Program Files (x86)\NVIDIA Corporation\PhysX\Common;C:\Program Files\Java\jdk1.8.0_161\bin;D:\Program Files\TortoiseSVN\bin;D:\_dev\apache-maven-3.5.2\bin;C:\WINDOWS\system32;C:\WINDOWS;C:\WINDOWS\System32\Wbem;C:\WINDOWS\System32\WindowsPowerShell\v1.0\;C:\WINDOWS\System32\OpenSSH\;D:\_dev\mysql\bin;C:\Users\李灏鹏\AppData\Local\Microsoft\WindowsApps;C:\Users\李灏鹏\AppData\Local\GitHubDesktop\bin;D:\_dev\eclipse;;.]
2018-06-19 17:53:29.103 fetch-prj [ost-startStop-1] INFO  org.apache.jasper.servlet.TldScanner - At least one JAR was scanned for TLDs yet contained no TLDs. Enable debug logging for this logger for a complete list of JARs that were scanned but no TLDs were found in them. Skipping unneeded JARs during scanning can improve startup time and JSP compilation time.
2018-06-19 17:53:29.107 fetch-prj [ost-startStop-1] INFO  o.a.c.c.C.[Tomcat].[localhost].[/] - Initializing Spring embedded WebApplicationContext
2018-06-19 17:53:29.108 fetch-prj [ost-startStop-1] INFO  o.s.web.context.ContextLoader - Root WebApplicationContext: initialization completed in 2048 ms
2018-06-19 17:53:29.242 fetch-prj [ost-startStop-1] INFO  o.s.b.w.s.ServletRegistrationBean - Servlet dispatcherServlet mapped to [/]
2018-06-19 17:53:29.246 fetch-prj [ost-startStop-1] INFO  o.s.b.w.s.FilterRegistrationBean - Mapping filter: 'characterEncodingFilter' to: [/*]
2018-06-19 17:53:29.247 fetch-prj [ost-startStop-1] INFO  o.s.b.w.s.FilterRegistrationBean - Mapping filter: 'hiddenHttpMethodFilter' to: [/*]
2018-06-19 17:53:29.247 fetch-prj [ost-startStop-1] INFO  o.s.b.w.s.FilterRegistrationBean - Mapping filter: 'httpPutFormContentFilter' to: [/*]
2018-06-19 17:53:29.247 fetch-prj [ost-startStop-1] INFO  o.s.b.w.s.FilterRegistrationBean - Mapping filter: 'requestContextFilter' to: [/*]
2018-06-19 17:53:29.425 fetch-prj [           main] INFO  o.a.catalina.core.StandardService - Stopping service [Tomcat]
2018-06-19 17:54:07.633 fetch-prj [           main] INFO  com.sbolo.syk.fetch.fetchApplication - Starting fetchApplication on DESKTOP-HCVG811 with PID 17856 (D:\_dev\workspace_syk\fetch-prj\target\classes started by 李灏鹏 in D:\_dev\workspace_syk\fetch-prj)
2018-06-19 17:54:07.637 fetch-prj [           main] INFO  com.sbolo.syk.fetch.fetchApplication - No active profile set, falling back to default profiles: default
2018-06-19 17:54:07.684 fetch-prj [           main] INFO  o.s.b.w.s.c.AnnotationConfigServletWebServerApplicationContext - Refreshing org.springframework.boot.web.servlet.context.AnnotationConfigServletWebServerApplicationContext@134d26af: startup date [Tue Jun 19 17:54:07 CST 2018]; root of context hierarchy
2018-06-19 17:54:08.523 fetch-prj [           main] INFO  o.s.d.r.c.RepositoryConfigurationDelegate - Multiple Spring Data modules found, entering strict repository configuration mode!
2018-06-19 17:54:08.956 fetch-prj [           main] INFO  o.s.c.s.PostProcessorRegistrationDelegate$BeanPostProcessorChecker - Bean 'org.springframework.transaction.annotation.ProxyTransactionManagementConfiguration' of type [org.springframework.transaction.annotation.ProxyTransactionManagementConfiguration$$EnhancerBySpringCGLIB$$c8a17eb1] is not eligible for getting processed by all BeanPostProcessors (for example: not eligible for auto-proxying)
2018-06-19 17:54:09.407 fetch-prj [           main] INFO  o.s.b.w.e.tomcat.TomcatWebServer - Tomcat initialized with port(s): 30001 (http)
2018-06-19 17:54:09.421 fetch-prj [           main] INFO  o.a.coyote.http11.Http11NioProtocol - Initializing ProtocolHandler ["http-nio-30001"]
2018-06-19 17:54:09.434 fetch-prj [           main] INFO  o.a.catalina.core.StandardService - Starting service [Tomcat]
2018-06-19 17:54:09.435 fetch-prj [           main] INFO  o.a.catalina.core.StandardEngine - Starting Servlet Engine: Apache Tomcat/8.5.31
2018-06-19 17:54:09.447 fetch-prj [ost-startStop-1] INFO  o.a.c.core.AprLifecycleListener - The APR based Apache Tomcat Native library which allows optimal performance in production environments was not found on the java.library.path: [C:\Program Files\Java\jre1.8.0_161\bin;C:\WINDOWS\Sun\Java\bin;C:\WINDOWS\system32;C:\WINDOWS;C:/Program Files/Java/jre1.8.0_161/bin/server;C:/Program Files/Java/jre1.8.0_161/bin;C:/Program Files/Java/jre1.8.0_161/lib/amd64;C:\ProgramData\Oracle\Java\javapath;C:\WINDOWS\system32;C:\WINDOWS;C:\WINDOWS\System32\Wbem;C:\WINDOWS\System32\WindowsPowerShell\v1.0\;C:\Program Files (x86)\NVIDIA Corporation\PhysX\Common;C:\Program Files\Java\jdk1.8.0_161\bin;D:\Program Files\TortoiseSVN\bin;D:\_dev\apache-maven-3.5.2\bin;C:\WINDOWS\system32;C:\WINDOWS;C:\WINDOWS\System32\Wbem;C:\WINDOWS\System32\WindowsPowerShell\v1.0\;C:\WINDOWS\System32\OpenSSH\;D:\_dev\mysql\bin;C:\Users\李灏鹏\AppData\Local\Microsoft\WindowsApps;C:\Users\李灏鹏\AppData\Local\GitHubDesktop\bin;D:\_dev\eclipse;;.]
2018-06-19 17:54:09.701 fetch-prj [ost-startStop-1] INFO  org.apache.jasper.servlet.TldScanner - At least one JAR was scanned for TLDs yet contained no TLDs. Enable debug logging for this logger for a complete list of JARs that were scanned but no TLDs were found in them. Skipping unneeded JARs during scanning can improve startup time and JSP compilation time.
2018-06-19 17:54:09.706 fetch-prj [ost-startStop-1] INFO  o.a.c.c.C.[Tomcat].[localhost].[/] - Initializing Spring embedded WebApplicationContext
2018-06-19 17:54:09.706 fetch-prj [ost-startStop-1] INFO  o.s.web.context.ContextLoader - Root WebApplicationContext: initialization completed in 2022 ms
2018-06-19 17:54:09.844 fetch-prj [ost-startStop-1] INFO  o.s.b.w.s.ServletRegistrationBean - Servlet dispatcherServlet mapped to [/]
2018-06-19 17:54:09.848 fetch-prj [ost-startStop-1] INFO  o.s.b.w.s.FilterRegistrationBean - Mapping filter: 'characterEncodingFilter' to: [/*]
2018-06-19 17:54:09.848 fetch-prj [ost-startStop-1] INFO  o.s.b.w.s.FilterRegistrationBean - Mapping filter: 'hiddenHttpMethodFilter' to: [/*]
2018-06-19 17:54:09.849 fetch-prj [ost-startStop-1] INFO  o.s.b.w.s.FilterRegistrationBean - Mapping filter: 'httpPutFormContentFilter' to: [/*]
2018-06-19 17:54:09.849 fetch-prj [ost-startStop-1] INFO  o.s.b.w.s.FilterRegistrationBean - Mapping filter: 'requestContextFilter' to: [/*]
2018-06-19 17:54:10.031 fetch-prj [           main] INFO  o.a.catalina.core.StandardService - Stopping service [Tomcat]
2018-06-19 17:57:18.155 fetch-prj [           main] INFO  com.sbolo.syk.fetch.fetchApplication - Starting fetchApplication on DESKTOP-HCVG811 with PID 16236 (D:\_dev\workspace_syk\fetch-prj\target\classes started by 李灏鹏 in D:\_dev\workspace_syk\fetch-prj)
2018-06-19 17:57:18.158 fetch-prj [           main] INFO  com.sbolo.syk.fetch.fetchApplication - No active profile set, falling back to default profiles: default
2018-06-19 17:57:18.207 fetch-prj [           main] INFO  o.s.b.w.s.c.AnnotationConfigServletWebServerApplicationContext - Refreshing org.springframework.boot.web.servlet.context.AnnotationConfigServletWebServerApplicationContext@2072acb2: startup date [Tue Jun 19 17:57:18 CST 2018]; root of context hierarchy
2018-06-19 17:57:19.028 fetch-prj [           main] INFO  o.s.d.r.c.RepositoryConfigurationDelegate - Multiple Spring Data modules found, entering strict repository configuration mode!
2018-06-19 17:57:19.445 fetch-prj [           main] INFO  o.s.c.s.PostProcessorRegistrationDelegate$BeanPostProcessorChecker - Bean 'org.springframework.transaction.annotation.ProxyTransactionManagementConfiguration' of type [org.springframework.transaction.annotation.ProxyTransactionManagementConfiguration$$EnhancerBySpringCGLIB$$39e63af4] is not eligible for getting processed by all BeanPostProcessors (for example: not eligible for auto-proxying)
2018-06-19 17:57:19.886 fetch-prj [           main] INFO  o.s.b.w.e.tomcat.TomcatWebServer - Tomcat initialized with port(s): 30001 (http)
2018-06-19 17:57:19.898 fetch-prj [           main] INFO  o.a.coyote.http11.Http11NioProtocol - Initializing ProtocolHandler ["http-nio-30001"]
2018-06-19 17:57:19.909 fetch-prj [           main] INFO  o.a.catalina.core.StandardService - Starting service [Tomcat]
2018-06-19 17:57:19.909 fetch-prj [           main] INFO  o.a.catalina.core.StandardEngine - Starting Servlet Engine: Apache Tomcat/8.5.31
2018-06-19 17:57:19.918 fetch-prj [ost-startStop-1] INFO  o.a.c.core.AprLifecycleListener - The APR based Apache Tomcat Native library which allows optimal performance in production environments was not found on the java.library.path: [C:\Program Files\Java\jre1.8.0_161\bin;C:\WINDOWS\Sun\Java\bin;C:\WINDOWS\system32;C:\WINDOWS;C:/Program Files/Java/jre1.8.0_161/bin/server;C:/Program Files/Java/jre1.8.0_161/bin;C:/Program Files/Java/jre1.8.0_161/lib/amd64;C:\ProgramData\Oracle\Java\javapath;C:\WINDOWS\system32;C:\WINDOWS;C:\WINDOWS\System32\Wbem;C:\WINDOWS\System32\WindowsPowerShell\v1.0\;C:\Program Files (x86)\NVIDIA Corporation\PhysX\Common;C:\Program Files\Java\jdk1.8.0_161\bin;D:\Program Files\TortoiseSVN\bin;D:\_dev\apache-maven-3.5.2\bin;C:\WINDOWS\system32;C:\WINDOWS;C:\WINDOWS\System32\Wbem;C:\WINDOWS\System32\WindowsPowerShell\v1.0\;C:\WINDOWS\System32\OpenSSH\;D:\_dev\mysql\bin;C:\Users\李灏鹏\AppData\Local\Microsoft\WindowsApps;C:\Users\李灏鹏\AppData\Local\GitHubDesktop\bin;D:\_dev\eclipse;;.]
2018-06-19 17:57:20.151 fetch-prj [ost-startStop-1] INFO  org.apache.jasper.servlet.TldScanner - At least one JAR was scanned for TLDs yet contained no TLDs. Enable debug logging for this logger for a complete list of JARs that were scanned but no TLDs were found in them. Skipping unneeded JARs during scanning can improve startup time and JSP compilation time.
2018-06-19 17:57:20.157 fetch-prj [ost-startStop-1] INFO  o.a.c.c.C.[Tomcat].[localhost].[/] - Initializing Spring embedded WebApplicationContext
2018-06-19 17:57:20.157 fetch-prj [ost-startStop-1] INFO  o.s.web.context.ContextLoader - Root WebApplicationContext: initialization completed in 1950 ms
2018-06-19 17:57:20.289 fetch-prj [ost-startStop-1] INFO  o.s.b.w.s.ServletRegistrationBean - Servlet dispatcherServlet mapped to [/]
2018-06-19 17:57:20.294 fetch-prj [ost-startStop-1] INFO  o.s.b.w.s.FilterRegistrationBean - Mapping filter: 'characterEncodingFilter' to: [/*]
2018-06-19 17:57:20.295 fetch-prj [ost-startStop-1] INFO  o.s.b.w.s.FilterRegistrationBean - Mapping filter: 'hiddenHttpMethodFilter' to: [/*]
2018-06-19 17:57:20.295 fetch-prj [ost-startStop-1] INFO  o.s.b.w.s.FilterRegistrationBean - Mapping filter: 'httpPutFormContentFilter' to: [/*]
2018-06-19 17:57:20.295 fetch-prj [ost-startStop-1] INFO  o.s.b.w.s.FilterRegistrationBean - Mapping filter: 'requestContextFilter' to: [/*]
2018-06-19 17:57:20.870 fetch-prj [           main] INFO  c.alibaba.druid.pool.DruidDataSource - {dataSource-1} inited
2018-06-19 17:57:21.211 fetch-prj [           main] INFO  c.alibaba.druid.pool.DruidDataSource - {dataSource-1} closed
2018-06-19 17:57:21.214 fetch-prj [           main] INFO  o.a.catalina.core.StandardService - Stopping service [Tomcat]
2018-06-19 18:10:33.117 fetch-prj [           main] INFO  com.sbolo.syk.fetch.fetchApplication - Starting fetchApplication on DESKTOP-HCVG811 with PID 3732 (D:\_dev\workspace_syk\fetch-prj\target\classes started by 李灏鹏 in D:\_dev\workspace_syk\fetch-prj)
2018-06-19 18:10:33.120 fetch-prj [           main] INFO  com.sbolo.syk.fetch.fetchApplication - No active profile set, falling back to default profiles: default
2018-06-19 18:10:33.167 fetch-prj [           main] INFO  o.s.b.w.s.c.AnnotationConfigServletWebServerApplicationContext - Refreshing org.springframework.boot.web.servlet.context.AnnotationConfigServletWebServerApplicationContext@36cda2c2: startup date [Tue Jun 19 18:10:33 CST 2018]; root of context hierarchy
2018-06-19 18:10:34.003 fetch-prj [           main] INFO  o.s.d.r.c.RepositoryConfigurationDelegate - Multiple Spring Data modules found, entering strict repository configuration mode!
2018-06-19 18:10:34.382 fetch-prj [           main] INFO  o.s.c.s.PostProcessorRegistrationDelegate$BeanPostProcessorChecker - Bean 'org.springframework.transaction.annotation.ProxyTransactionManagementConfiguration' of type [org.springframework.transaction.annotation.ProxyTransactionManagementConfiguration$$EnhancerBySpringCGLIB$$417f50ad] is not eligible for getting processed by all BeanPostProcessors (for example: not eligible for auto-proxying)
2018-06-19 18:10:34.836 fetch-prj [           main] INFO  o.s.b.w.e.tomcat.TomcatWebServer - Tomcat initialized with port(s): 30001 (http)
2018-06-19 18:10:34.850 fetch-prj [           main] INFO  o.a.coyote.http11.Http11NioProtocol - Initializing ProtocolHandler ["http-nio-30001"]
2018-06-19 18:10:34.862 fetch-prj [           main] INFO  o.a.catalina.core.StandardService - Starting service [Tomcat]
2018-06-19 18:10:34.862 fetch-prj [           main] INFO  o.a.catalina.core.StandardEngine - Starting Servlet Engine: Apache Tomcat/8.5.31
2018-06-19 18:10:34.872 fetch-prj [ost-startStop-1] INFO  o.a.c.core.AprLifecycleListener - The APR based Apache Tomcat Native library which allows optimal performance in production environments was not found on the java.library.path: [C:\Program Files\Java\jre1.8.0_161\bin;C:\WINDOWS\Sun\Java\bin;C:\WINDOWS\system32;C:\WINDOWS;C:/Program Files/Java/jre1.8.0_161/bin/server;C:/Program Files/Java/jre1.8.0_161/bin;C:/Program Files/Java/jre1.8.0_161/lib/amd64;C:\ProgramData\Oracle\Java\javapath;C:\WINDOWS\system32;C:\WINDOWS;C:\WINDOWS\System32\Wbem;C:\WINDOWS\System32\WindowsPowerShell\v1.0\;C:\Program Files (x86)\NVIDIA Corporation\PhysX\Common;C:\Program Files\Java\jdk1.8.0_161\bin;D:\Program Files\TortoiseSVN\bin;D:\_dev\apache-maven-3.5.2\bin;C:\WINDOWS\system32;C:\WINDOWS;C:\WINDOWS\System32\Wbem;C:\WINDOWS\System32\WindowsPowerShell\v1.0\;C:\WINDOWS\System32\OpenSSH\;D:\_dev\mysql\bin;C:\Users\李灏鹏\AppData\Local\Microsoft\WindowsApps;C:\Users\李灏鹏\AppData\Local\GitHubDesktop\bin;D:\_dev\eclipse;;.]
2018-06-19 18:10:35.117 fetch-prj [ost-startStop-1] INFO  org.apache.jasper.servlet.TldScanner - At least one JAR was scanned for TLDs yet contained no TLDs. Enable debug logging for this logger for a complete list of JARs that were scanned but no TLDs were found in them. Skipping unneeded JARs during scanning can improve startup time and JSP compilation time.
2018-06-19 18:10:35.123 fetch-prj [ost-startStop-1] INFO  o.a.c.c.C.[Tomcat].[localhost].[/] - Initializing Spring embedded WebApplicationContext
2018-06-19 18:10:35.123 fetch-prj [ost-startStop-1] INFO  o.s.web.context.ContextLoader - Root WebApplicationContext: initialization completed in 1956 ms
2018-06-19 18:10:35.260 fetch-prj [ost-startStop-1] INFO  o.s.b.w.s.ServletRegistrationBean - Servlet dispatcherServlet mapped to [/]
2018-06-19 18:10:35.265 fetch-prj [ost-startStop-1] INFO  o.s.b.w.s.FilterRegistrationBean - Mapping filter: 'characterEncodingFilter' to: [/*]
2018-06-19 18:10:35.265 fetch-prj [ost-startStop-1] INFO  o.s.b.w.s.FilterRegistrationBean - Mapping filter: 'hiddenHttpMethodFilter' to: [/*]
2018-06-19 18:10:35.265 fetch-prj [ost-startStop-1] INFO  o.s.b.w.s.FilterRegistrationBean - Mapping filter: 'httpPutFormContentFilter' to: [/*]
2018-06-19 18:10:35.266 fetch-prj [ost-startStop-1] INFO  o.s.b.w.s.FilterRegistrationBean - Mapping filter: 'requestContextFilter' to: [/*]
2018-06-19 18:10:35.804 fetch-prj [           main] INFO  c.alibaba.druid.pool.DruidDataSource - {dataSource-1} inited
2018-06-19 18:10:36.123 fetch-prj [           main] INFO  c.alibaba.druid.pool.DruidDataSource - {dataSource-1} closed
2018-06-19 18:10:36.126 fetch-prj [           main] INFO  o.a.catalina.core.StandardService - Stopping service [Tomcat]
2018-06-19 18:11:58.332 fetch-prj [           main] INFO  com.sbolo.syk.fetch.fetchApplication - Starting fetchApplication on DESKTOP-HCVG811 with PID 18120 (D:\_dev\workspace_syk\fetch-prj\target\classes started by 李灏鹏 in D:\_dev\workspace_syk\fetch-prj)
2018-06-19 18:11:58.336 fetch-prj [           main] INFO  com.sbolo.syk.fetch.fetchApplication - No active profile set, falling back to default profiles: default
2018-06-19 18:11:58.384 fetch-prj [           main] INFO  o.s.b.w.s.c.AnnotationConfigServletWebServerApplicationContext - Refreshing org.springframework.boot.web.servlet.context.AnnotationConfigServletWebServerApplicationContext@3697186: startup date [Tue Jun 19 18:11:58 CST 2018]; root of context hierarchy
2018-06-19 18:11:59.223 fetch-prj [           main] INFO  o.s.d.r.c.RepositoryConfigurationDelegate - Multiple Spring Data modules found, entering strict repository configuration mode!
2018-06-19 18:11:59.629 fetch-prj [           main] INFO  o.s.c.s.PostProcessorRegistrationDelegate$BeanPostProcessorChecker - Bean 'org.springframework.transaction.annotation.ProxyTransactionManagementConfiguration' of type [org.springframework.transaction.annotation.ProxyTransactionManagementConfiguration$$EnhancerBySpringCGLIB$$c2eb560] is not eligible for getting processed by all BeanPostProcessors (for example: not eligible for auto-proxying)
2018-06-19 18:12:00.095 fetch-prj [           main] INFO  o.s.b.w.e.tomcat.TomcatWebServer - Tomcat initialized with port(s): 30001 (http)
2018-06-19 18:12:00.108 fetch-prj [           main] INFO  o.a.coyote.http11.Http11NioProtocol - Initializing ProtocolHandler ["http-nio-30001"]
2018-06-19 18:12:00.120 fetch-prj [           main] INFO  o.a.catalina.core.StandardService - Starting service [Tomcat]
2018-06-19 18:12:00.120 fetch-prj [           main] INFO  o.a.catalina.core.StandardEngine - Starting Servlet Engine: Apache Tomcat/8.5.31
2018-06-19 18:12:00.130 fetch-prj [ost-startStop-1] INFO  o.a.c.core.AprLifecycleListener - The APR based Apache Tomcat Native library which allows optimal performance in production environments was not found on the java.library.path: [C:\Program Files\Java\jre1.8.0_161\bin;C:\WINDOWS\Sun\Java\bin;C:\WINDOWS\system32;C:\WINDOWS;C:/Program Files/Java/jre1.8.0_161/bin/server;C:/Program Files/Java/jre1.8.0_161/bin;C:/Program Files/Java/jre1.8.0_161/lib/amd64;C:\ProgramData\Oracle\Java\javapath;C:\WINDOWS\system32;C:\WINDOWS;C:\WINDOWS\System32\Wbem;C:\WINDOWS\System32\WindowsPowerShell\v1.0\;C:\Program Files (x86)\NVIDIA Corporation\PhysX\Common;C:\Program Files\Java\jdk1.8.0_161\bin;D:\Program Files\TortoiseSVN\bin;D:\_dev\apache-maven-3.5.2\bin;C:\WINDOWS\system32;C:\WINDOWS;C:\WINDOWS\System32\Wbem;C:\WINDOWS\System32\WindowsPowerShell\v1.0\;C:\WINDOWS\System32\OpenSSH\;D:\_dev\mysql\bin;C:\Users\李灏鹏\AppData\Local\Microsoft\WindowsApps;C:\Users\李灏鹏\AppData\Local\GitHubDesktop\bin;D:\_dev\eclipse;;.]
2018-06-19 18:12:00.370 fetch-prj [ost-startStop-1] INFO  org.apache.jasper.servlet.TldScanner - At least one JAR was scanned for TLDs yet contained no TLDs. Enable debug logging for this logger for a complete list of JARs that were scanned but no TLDs were found in them. Skipping unneeded JARs during scanning can improve startup time and JSP compilation time.
2018-06-19 18:12:00.376 fetch-prj [ost-startStop-1] INFO  o.a.c.c.C.[Tomcat].[localhost].[/] - Initializing Spring embedded WebApplicationContext
2018-06-19 18:12:00.376 fetch-prj [ost-startStop-1] INFO  o.s.web.context.ContextLoader - Root WebApplicationContext: initialization completed in 1992 ms
2018-06-19 18:12:00.521 fetch-prj [ost-startStop-1] INFO  o.s.b.w.s.ServletRegistrationBean - Servlet dispatcherServlet mapped to [/]
2018-06-19 18:12:00.525 fetch-prj [ost-startStop-1] INFO  o.s.b.w.s.FilterRegistrationBean - Mapping filter: 'characterEncodingFilter' to: [/*]
2018-06-19 18:12:00.526 fetch-prj [ost-startStop-1] INFO  o.s.b.w.s.FilterRegistrationBean - Mapping filter: 'hiddenHttpMethodFilter' to: [/*]
2018-06-19 18:12:00.527 fetch-prj [ost-startStop-1] INFO  o.s.b.w.s.FilterRegistrationBean - Mapping filter: 'httpPutFormContentFilter' to: [/*]
2018-06-19 18:12:00.527 fetch-prj [ost-startStop-1] INFO  o.s.b.w.s.FilterRegistrationBean - Mapping filter: 'requestContextFilter' to: [/*]
2018-06-19 18:12:01.067 fetch-prj [           main] INFO  c.alibaba.druid.pool.DruidDataSource - {dataSource-1} inited
2018-06-19 18:12:01.388 fetch-prj [           main] INFO  c.alibaba.druid.pool.DruidDataSource - {dataSource-1} closed
2018-06-19 18:12:01.391 fetch-prj [           main] INFO  o.a.catalina.core.StandardService - Stopping service [Tomcat]
2018-06-19 18:14:38.416 fetch-prj [           main] INFO  com.sbolo.syk.fetch.fetchApplication - Starting fetchApplication on DESKTOP-HCVG811 with PID 10004 (D:\_dev\workspace_syk\fetch-prj\target\classes started by 李灏鹏 in D:\_dev\workspace_syk\fetch-prj)
2018-06-19 18:14:38.419 fetch-prj [           main] INFO  com.sbolo.syk.fetch.fetchApplication - No active profile set, falling back to default profiles: default
2018-06-19 18:14:38.467 fetch-prj [           main] INFO  o.s.b.w.s.c.AnnotationConfigServletWebServerApplicationContext - Refreshing org.springframework.boot.web.servlet.context.AnnotationConfigServletWebServerApplicationContext@36cda2c2: startup date [Tue Jun 19 18:14:38 CST 2018]; root of context hierarchy
2018-06-19 18:14:39.282 fetch-prj [           main] INFO  o.s.d.r.c.RepositoryConfigurationDelegate - Multiple Spring Data modules found, entering strict repository configuration mode!
2018-06-19 18:14:39.689 fetch-prj [           main] INFO  o.s.c.s.PostProcessorRegistrationDelegate$BeanPostProcessorChecker - Bean 'org.springframework.transaction.annotation.ProxyTransactionManagementConfiguration' of type [org.springframework.transaction.annotation.ProxyTransactionManagementConfiguration$$EnhancerBySpringCGLIB$$4acc257d] is not eligible for getting processed by all BeanPostProcessors (for example: not eligible for auto-proxying)
2018-06-19 18:14:40.111 fetch-prj [           main] INFO  o.s.b.w.e.tomcat.TomcatWebServer - Tomcat initialized with port(s): 30001 (http)
2018-06-19 18:14:40.125 fetch-prj [           main] INFO  o.a.coyote.http11.Http11NioProtocol - Initializing ProtocolHandler ["http-nio-30001"]
2018-06-19 18:14:40.136 fetch-prj [           main] INFO  o.a.catalina.core.StandardService - Starting service [Tomcat]
2018-06-19 18:14:40.136 fetch-prj [           main] INFO  o.a.catalina.core.StandardEngine - Starting Servlet Engine: Apache Tomcat/8.5.31
2018-06-19 18:14:40.145 fetch-prj [ost-startStop-1] INFO  o.a.c.core.AprLifecycleListener - The APR based Apache Tomcat Native library which allows optimal performance in production environments was not found on the java.library.path: [C:\Program Files\Java\jre1.8.0_161\bin;C:\WINDOWS\Sun\Java\bin;C:\WINDOWS\system32;C:\WINDOWS;C:/Program Files/Java/jre1.8.0_161/bin/server;C:/Program Files/Java/jre1.8.0_161/bin;C:/Program Files/Java/jre1.8.0_161/lib/amd64;C:\ProgramData\Oracle\Java\javapath;C:\WINDOWS\system32;C:\WINDOWS;C:\WINDOWS\System32\Wbem;C:\WINDOWS\System32\WindowsPowerShell\v1.0\;C:\Program Files (x86)\NVIDIA Corporation\PhysX\Common;C:\Program Files\Java\jdk1.8.0_161\bin;D:\Program Files\TortoiseSVN\bin;D:\_dev\apache-maven-3.5.2\bin;C:\WINDOWS\system32;C:\WINDOWS;C:\WINDOWS\System32\Wbem;C:\WINDOWS\System32\WindowsPowerShell\v1.0\;C:\WINDOWS\System32\OpenSSH\;D:\_dev\mysql\bin;C:\Users\李灏鹏\AppData\Local\Microsoft\WindowsApps;C:\Users\李灏鹏\AppData\Local\GitHubDesktop\bin;D:\_dev\eclipse;;.]
2018-06-19 18:14:40.384 fetch-prj [ost-startStop-1] INFO  org.apache.jasper.servlet.TldScanner - At least one JAR was scanned for TLDs yet contained no TLDs. Enable debug logging for this logger for a complete list of JARs that were scanned but no TLDs were found in them. Skipping unneeded JARs during scanning can improve startup time and JSP compilation time.
2018-06-19 18:14:40.390 fetch-prj [ost-startStop-1] INFO  o.a.c.c.C.[Tomcat].[localhost].[/] - Initializing Spring embedded WebApplicationContext
2018-06-19 18:14:40.390 fetch-prj [ost-startStop-1] INFO  o.s.web.context.ContextLoader - Root WebApplicationContext: initialization completed in 1923 ms
2018-06-19 18:14:40.527 fetch-prj [ost-startStop-1] INFO  o.s.b.w.s.ServletRegistrationBean - Servlet dispatcherServlet mapped to [/]
2018-06-19 18:14:40.532 fetch-prj [ost-startStop-1] INFO  o.s.b.w.s.FilterRegistrationBean - Mapping filter: 'characterEncodingFilter' to: [/*]
2018-06-19 18:14:40.533 fetch-prj [ost-startStop-1] INFO  o.s.b.w.s.FilterRegistrationBean - Mapping filter: 'hiddenHttpMethodFilter' to: [/*]
2018-06-19 18:14:40.533 fetch-prj [ost-startStop-1] INFO  o.s.b.w.s.FilterRegistrationBean - Mapping filter: 'httpPutFormContentFilter' to: [/*]
2018-06-19 18:14:40.533 fetch-prj [ost-startStop-1] INFO  o.s.b.w.s.FilterRegistrationBean - Mapping filter: 'requestContextFilter' to: [/*]
2018-06-19 18:14:41.082 fetch-prj [           main] INFO  c.alibaba.druid.pool.DruidDataSource - {dataSource-1} inited
2018-06-19 18:14:41.408 fetch-prj [           main] INFO  c.alibaba.druid.pool.DruidDataSource - {dataSource-1} closed
2018-06-19 18:14:41.411 fetch-prj [           main] INFO  o.a.catalina.core.StandardService - Stopping service [Tomcat]
2018-06-19 18:15:08.699 fetch-prj [           main] INFO  com.sbolo.syk.fetch.fetchApplication - Starting fetchApplication on DESKTOP-HCVG811 with PID 9084 (D:\_dev\workspace_syk\fetch-prj\target\classes started by 李灏鹏 in D:\_dev\workspace_syk\fetch-prj)
2018-06-19 18:15:08.702 fetch-prj [           main] INFO  com.sbolo.syk.fetch.fetchApplication - No active profile set, falling back to default profiles: default
2018-06-19 18:15:08.749 fetch-prj [           main] INFO  o.s.b.w.s.c.AnnotationConfigServletWebServerApplicationContext - Refreshing org.springframework.boot.web.servlet.context.AnnotationConfigServletWebServerApplicationContext@5dcb4f5f: startup date [Tue Jun 19 18:15:08 CST 2018]; root of context hierarchy
2018-06-19 18:15:09.611 fetch-prj [           main] INFO  o.s.d.r.c.RepositoryConfigurationDelegate - Multiple Spring Data modules found, entering strict repository configuration mode!
2018-06-19 18:15:10.007 fetch-prj [           main] INFO  o.s.c.s.PostProcessorRegistrationDelegate$BeanPostProcessorChecker - Bean 'org.springframework.transaction.annotation.ProxyTransactionManagementConfiguration' of type [org.springframework.transaction.annotation.ProxyTransactionManagementConfiguration$$EnhancerBySpringCGLIB$$f97c1fff] is not eligible for getting processed by all BeanPostProcessors (for example: not eligible for auto-proxying)
2018-06-19 18:15:10.460 fetch-prj [           main] INFO  o.s.b.w.e.tomcat.TomcatWebServer - Tomcat initialized with port(s): 30001 (http)
2018-06-19 18:15:10.474 fetch-prj [           main] INFO  o.a.coyote.http11.Http11NioProtocol - Initializing ProtocolHandler ["http-nio-30001"]
2018-06-19 18:15:10.486 fetch-prj [           main] INFO  o.a.catalina.core.StandardService - Starting service [Tomcat]
2018-06-19 18:15:10.486 fetch-prj [           main] INFO  o.a.catalina.core.StandardEngine - Starting Servlet Engine: Apache Tomcat/8.5.31
2018-06-19 18:15:10.496 fetch-prj [ost-startStop-1] INFO  o.a.c.core.AprLifecycleListener - The APR based Apache Tomcat Native library which allows optimal performance in production environments was not found on the java.library.path: [C:\Program Files\Java\jre1.8.0_161\bin;C:\WINDOWS\Sun\Java\bin;C:\WINDOWS\system32;C:\WINDOWS;C:/Program Files/Java/jre1.8.0_161/bin/server;C:/Program Files/Java/jre1.8.0_161/bin;C:/Program Files/Java/jre1.8.0_161/lib/amd64;C:\ProgramData\Oracle\Java\javapath;C:\WINDOWS\system32;C:\WINDOWS;C:\WINDOWS\System32\Wbem;C:\WINDOWS\System32\WindowsPowerShell\v1.0\;C:\Program Files (x86)\NVIDIA Corporation\PhysX\Common;C:\Program Files\Java\jdk1.8.0_161\bin;D:\Program Files\TortoiseSVN\bin;D:\_dev\apache-maven-3.5.2\bin;C:\WINDOWS\system32;C:\WINDOWS;C:\WINDOWS\System32\Wbem;C:\WINDOWS\System32\WindowsPowerShell\v1.0\;C:\WINDOWS\System32\OpenSSH\;D:\_dev\mysql\bin;C:\Users\李灏鹏\AppData\Local\Microsoft\WindowsApps;C:\Users\李灏鹏\AppData\Local\GitHubDesktop\bin;D:\_dev\eclipse;;.]
2018-06-19 18:15:10.736 fetch-prj [ost-startStop-1] INFO  org.apache.jasper.servlet.TldScanner - At least one JAR was scanned for TLDs yet contained no TLDs. Enable debug logging for this logger for a complete list of JARs that were scanned but no TLDs were found in them. Skipping unneeded JARs during scanning can improve startup time and JSP compilation time.
2018-06-19 18:15:10.742 fetch-prj [ost-startStop-1] INFO  o.a.c.c.C.[Tomcat].[localhost].[/] - Initializing Spring embedded WebApplicationContext
2018-06-19 18:15:10.742 fetch-prj [ost-startStop-1] INFO  o.s.web.context.ContextLoader - Root WebApplicationContext: initialization completed in 1993 ms
2018-06-19 18:15:10.878 fetch-prj [ost-startStop-1] INFO  o.s.b.w.s.ServletRegistrationBean - Servlet dispatcherServlet mapped to [/]
2018-06-19 18:15:10.883 fetch-prj [ost-startStop-1] INFO  o.s.b.w.s.FilterRegistrationBean - Mapping filter: 'characterEncodingFilter' to: [/*]
2018-06-19 18:15:10.883 fetch-prj [ost-startStop-1] INFO  o.s.b.w.s.FilterRegistrationBean - Mapping filter: 'hiddenHttpMethodFilter' to: [/*]
2018-06-19 18:15:10.884 fetch-prj [ost-startStop-1] INFO  o.s.b.w.s.FilterRegistrationBean - Mapping filter: 'httpPutFormContentFilter' to: [/*]
2018-06-19 18:15:10.884 fetch-prj [ost-startStop-1] INFO  o.s.b.w.s.FilterRegistrationBean - Mapping filter: 'requestContextFilter' to: [/*]
2018-06-19 18:15:11.424 fetch-prj [           main] INFO  c.alibaba.druid.pool.DruidDataSource - {dataSource-1} inited
2018-06-19 18:15:11.738 fetch-prj [           main] INFO  c.alibaba.druid.pool.DruidDataSource - {dataSource-1} closed
2018-06-19 18:15:11.742 fetch-prj [           main] INFO  o.a.catalina.core.StandardService - Stopping service [Tomcat]
2018-06-19 18:18:30.157 fetch-prj [           main] INFO  com.sbolo.syk.fetch.fetchApplication - Starting fetchApplication on DESKTOP-HCVG811 with PID 18156 (D:\_dev\workspace_syk\fetch-prj\target\classes started by 李灏鹏 in D:\_dev\workspace_syk\fetch-prj)
2018-06-19 18:18:30.161 fetch-prj [           main] INFO  com.sbolo.syk.fetch.fetchApplication - No active profile set, falling back to default profiles: default
2018-06-19 18:18:30.215 fetch-prj [           main] INFO  o.s.b.w.s.c.AnnotationConfigServletWebServerApplicationContext - Refreshing org.springframework.boot.web.servlet.context.AnnotationConfigServletWebServerApplicationContext@3697186: startup date [Tue Jun 19 18:18:30 CST 2018]; root of context hierarchy
2018-06-19 18:18:31.109 fetch-prj [           main] INFO  o.s.d.r.c.RepositoryConfigurationDelegate - Multiple Spring Data modules found, entering strict repository configuration mode!
2018-06-19 18:18:31.532 fetch-prj [           main] INFO  o.s.c.s.PostProcessorRegistrationDelegate$BeanPostProcessorChecker - Bean 'org.springframework.transaction.annotation.ProxyTransactionManagementConfiguration' of type [org.springframework.transaction.annotation.ProxyTransactionManagementConfiguration$$EnhancerBySpringCGLIB$$b2f8ff52] is not eligible for getting processed by all BeanPostProcessors (for example: not eligible for auto-proxying)
2018-06-19 18:18:32.009 fetch-prj [           main] INFO  o.s.b.w.e.tomcat.TomcatWebServer - Tomcat initialized with port(s): 30001 (http)
2018-06-19 18:18:32.024 fetch-prj [           main] INFO  o.a.coyote.http11.Http11NioProtocol - Initializing ProtocolHandler ["http-nio-30001"]
2018-06-19 18:18:32.037 fetch-prj [           main] INFO  o.a.catalina.core.StandardService - Starting service [Tomcat]
2018-06-19 18:18:32.037 fetch-prj [           main] INFO  o.a.catalina.core.StandardEngine - Starting Servlet Engine: Apache Tomcat/8.5.31
2018-06-19 18:18:32.046 fetch-prj [ost-startStop-1] INFO  o.a.c.core.AprLifecycleListener - The APR based Apache Tomcat Native library which allows optimal performance in production environments was not found on the java.library.path: [C:\Program Files\Java\jre1.8.0_161\bin;C:\WINDOWS\Sun\Java\bin;C:\WINDOWS\system32;C:\WINDOWS;C:/Program Files/Java/jre1.8.0_161/bin/server;C:/Program Files/Java/jre1.8.0_161/bin;C:/Program Files/Java/jre1.8.0_161/lib/amd64;C:\ProgramData\Oracle\Java\javapath;C:\WINDOWS\system32;C:\WINDOWS;C:\WINDOWS\System32\Wbem;C:\WINDOWS\System32\WindowsPowerShell\v1.0\;C:\Program Files (x86)\NVIDIA Corporation\PhysX\Common;C:\Program Files\Java\jdk1.8.0_161\bin;D:\Program Files\TortoiseSVN\bin;D:\_dev\apache-maven-3.5.2\bin;C:\WINDOWS\system32;C:\WINDOWS;C:\WINDOWS\System32\Wbem;C:\WINDOWS\System32\WindowsPowerShell\v1.0\;C:\WINDOWS\System32\OpenSSH\;D:\_dev\mysql\bin;C:\Users\李灏鹏\AppData\Local\Microsoft\WindowsApps;C:\Users\李灏鹏\AppData\Local\GitHubDesktop\bin;D:\_dev\eclipse;;.]
2018-06-19 18:18:32.281 fetch-prj [ost-startStop-1] INFO  org.apache.jasper.servlet.TldScanner - At least one JAR was scanned for TLDs yet contained no TLDs. Enable debug logging for this logger for a complete list of JARs that were scanned but no TLDs were found in them. Skipping unneeded JARs during scanning can improve startup time and JSP compilation time.
2018-06-19 18:18:32.286 fetch-prj [ost-startStop-1] INFO  o.a.c.c.C.[Tomcat].[localhost].[/] - Initializing Spring embedded WebApplicationContext
2018-06-19 18:18:32.286 fetch-prj [ost-startStop-1] INFO  o.s.web.context.ContextLoader - Root WebApplicationContext: initialization completed in 2071 ms
2018-06-19 18:18:32.421 fetch-prj [ost-startStop-1] INFO  o.s.b.w.s.ServletRegistrationBean - Servlet dispatcherServlet mapped to [/]
2018-06-19 18:18:32.426 fetch-prj [ost-startStop-1] INFO  o.s.b.w.s.FilterRegistrationBean - Mapping filter: 'characterEncodingFilter' to: [/*]
2018-06-19 18:18:32.426 fetch-prj [ost-startStop-1] INFO  o.s.b.w.s.FilterRegistrationBean - Mapping filter: 'hiddenHttpMethodFilter' to: [/*]
2018-06-19 18:18:32.426 fetch-prj [ost-startStop-1] INFO  o.s.b.w.s.FilterRegistrationBean - Mapping filter: 'httpPutFormContentFilter' to: [/*]
2018-06-19 18:18:32.426 fetch-prj [ost-startStop-1] INFO  o.s.b.w.s.FilterRegistrationBean - Mapping filter: 'requestContextFilter' to: [/*]
2018-06-19 18:18:32.974 fetch-prj [           main] INFO  c.alibaba.druid.pool.DruidDataSource - {dataSource-1} inited
2018-06-19 18:18:33.301 fetch-prj [           main] INFO  c.alibaba.druid.pool.DruidDataSource - {dataSource-1} closed
2018-06-19 18:18:33.305 fetch-prj [           main] INFO  o.a.catalina.core.StandardService - Stopping service [Tomcat]
2018-06-19 18:19:42.700 fetch-prj [           main] INFO  com.sbolo.syk.fetchApplication - Starting fetchApplication on DESKTOP-HCVG811 with PID 16804 (D:\_dev\workspace_syk\fetch-prj\target\classes started by 李灏鹏 in D:\_dev\workspace_syk\fetch-prj)
2018-06-19 18:19:42.704 fetch-prj [           main] INFO  com.sbolo.syk.fetchApplication - No active profile set, falling back to default profiles: default
2018-06-19 18:19:42.750 fetch-prj [           main] INFO  o.s.b.w.s.c.AnnotationConfigServletWebServerApplicationContext - Refreshing org.springframework.boot.web.servlet.context.AnnotationConfigServletWebServerApplicationContext@1583741e: startup date [Tue Jun 19 18:19:42 CST 2018]; root of context hierarchy
2018-06-19 18:19:43.630 fetch-prj [           main] INFO  o.s.d.r.c.RepositoryConfigurationDelegate - Multiple Spring Data modules found, entering strict repository configuration mode!
2018-06-19 18:19:51.012 fetch-prj [           main] INFO  o.s.c.s.PostProcessorRegistrationDelegate$BeanPostProcessorChecker - Bean 'org.springframework.transaction.annotation.ProxyTransactionManagementConfiguration' of type [org.springframework.transaction.annotation.ProxyTransactionManagementConfiguration$$EnhancerBySpringCGLIB$$678bab19] is not eligible for getting processed by all BeanPostProcessors (for example: not eligible for auto-proxying)
2018-06-19 18:19:51.653 fetch-prj [           main] INFO  o.s.b.w.e.tomcat.TomcatWebServer - Tomcat initialized with port(s): 30001 (http)
2018-06-19 18:19:51.668 fetch-prj [           main] INFO  o.a.coyote.http11.Http11NioProtocol - Initializing ProtocolHandler ["http-nio-30001"]
2018-06-19 18:19:51.680 fetch-prj [           main] INFO  o.a.catalina.core.StandardService - Starting service [Tomcat]
2018-06-19 18:19:51.680 fetch-prj [           main] INFO  o.a.catalina.core.StandardEngine - Starting Servlet Engine: Apache Tomcat/8.5.31
2018-06-19 18:19:51.689 fetch-prj [ost-startStop-1] INFO  o.a.c.core.AprLifecycleListener - The APR based Apache Tomcat Native library which allows optimal performance in production environments was not found on the java.library.path: [C:\Program Files\Java\jre1.8.0_161\bin;C:\WINDOWS\Sun\Java\bin;C:\WINDOWS\system32;C:\WINDOWS;C:/Program Files/Java/jre1.8.0_161/bin/server;C:/Program Files/Java/jre1.8.0_161/bin;C:/Program Files/Java/jre1.8.0_161/lib/amd64;C:\ProgramData\Oracle\Java\javapath;C:\WINDOWS\system32;C:\WINDOWS;C:\WINDOWS\System32\Wbem;C:\WINDOWS\System32\WindowsPowerShell\v1.0\;C:\Program Files (x86)\NVIDIA Corporation\PhysX\Common;C:\Program Files\Java\jdk1.8.0_161\bin;D:\Program Files\TortoiseSVN\bin;D:\_dev\apache-maven-3.5.2\bin;C:\WINDOWS\system32;C:\WINDOWS;C:\WINDOWS\System32\Wbem;C:\WINDOWS\System32\WindowsPowerShell\v1.0\;C:\WINDOWS\System32\OpenSSH\;D:\_dev\mysql\bin;C:\Users\李灏鹏\AppData\Local\Microsoft\WindowsApps;C:\Users\李灏鹏\AppData\Local\GitHubDesktop\bin;D:\_dev\eclipse;;.]
2018-06-19 18:19:51.943 fetch-prj [ost-startStop-1] INFO  org.apache.jasper.servlet.TldScanner - At least one JAR was scanned for TLDs yet contained no TLDs. Enable debug logging for this logger for a complete list of JARs that were scanned but no TLDs were found in them. Skipping unneeded JARs during scanning can improve startup time and JSP compilation time.
2018-06-19 18:19:51.950 fetch-prj [ost-startStop-1] INFO  o.a.c.c.C.[Tomcat].[localhost].[/] - Initializing Spring embedded WebApplicationContext
2018-06-19 18:19:51.950 fetch-prj [ost-startStop-1] INFO  o.s.web.context.ContextLoader - Root WebApplicationContext: initialization completed in 9201 ms
2018-06-19 18:19:52.115 fetch-prj [ost-startStop-1] INFO  o.s.b.w.s.ServletRegistrationBean - Servlet dispatcherServlet mapped to [/]
2018-06-19 18:19:52.123 fetch-prj [ost-startStop-1] INFO  o.s.b.w.s.FilterRegistrationBean - Mapping filter: 'characterEncodingFilter' to: [/*]
2018-06-19 18:19:52.124 fetch-prj [ost-startStop-1] INFO  o.s.b.w.s.FilterRegistrationBean - Mapping filter: 'hiddenHttpMethodFilter' to: [/*]
2018-06-19 18:19:52.124 fetch-prj [ost-startStop-1] INFO  o.s.b.w.s.FilterRegistrationBean - Mapping filter: 'httpPutFormContentFilter' to: [/*]
2018-06-19 18:19:52.124 fetch-prj [ost-startStop-1] INFO  o.s.b.w.s.FilterRegistrationBean - Mapping filter: 'requestContextFilter' to: [/*]
2018-06-19 18:19:52.656 fetch-prj [           main] INFO  c.alibaba.druid.pool.DruidDataSource - {dataSource-1} inited
2018-06-19 18:20:03.247 fetch-prj [           main] INFO  o.s.s.c.ThreadPoolTaskExecutor - Initializing ExecutorService  'threadPool'
2018-06-19 18:20:04.072 fetch-prj [           main] INFO  o.s.w.s.m.m.a.RequestMappingHandlerMapping - Mapped "{[/swagger-resources/configuration/security]}" onto public org.springframework.http.ResponseEntity<springfox.documentation.swagger.web.SecurityConfiguration> springfox.documentation.swagger.web.ApiResourceController.securityConfiguration()
2018-06-19 18:20:04.074 fetch-prj [           main] INFO  o.s.w.s.m.m.a.RequestMappingHandlerMapping - Mapped "{[/swagger-resources]}" onto public org.springframework.http.ResponseEntity<java.util.List<springfox.documentation.swagger.web.SwaggerResource>> springfox.documentation.swagger.web.ApiResourceController.swaggerResources()
2018-06-19 18:20:04.075 fetch-prj [           main] INFO  o.s.w.s.m.m.a.RequestMappingHandlerMapping - Mapped "{[/swagger-resources/configuration/ui]}" onto public org.springframework.http.ResponseEntity<springfox.documentation.swagger.web.UiConfiguration> springfox.documentation.swagger.web.ApiResourceController.uiConfiguration()
2018-06-19 18:20:04.077 fetch-prj [           main] INFO  o.s.w.s.m.m.a.RequestMappingHandlerMapping - Mapped "{[/error]}" onto public org.springframework.http.ResponseEntity<java.util.Map<java.lang.String, java.lang.Object>> org.springframework.boot.autoconfigure.web.servlet.error.BasicErrorController.error(javax.servlet.http.HttpServletRequest)
2018-06-19 18:20:04.078 fetch-prj [           main] INFO  o.s.w.s.m.m.a.RequestMappingHandlerMapping - Mapped "{[/error],produces=[text/html]}" onto public org.springframework.web.servlet.ModelAndView org.springframework.boot.autoconfigure.web.servlet.error.BasicErrorController.errorHtml(javax.servlet.http.HttpServletRequest,javax.servlet.http.HttpServletResponse)
2018-06-19 18:20:04.310 fetch-prj [           main] INFO  c.alibaba.druid.pool.DruidDataSource - {dataSource-2} inited
2018-06-19 18:20:04.382 fetch-prj [           main] INFO  s.d.s.w.PropertySourcedRequestMappingHandlerMapping - Mapped URL path [/v2/api-docs] onto method [public org.springframework.http.ResponseEntity<springfox.documentation.spring.web.json.Json> springfox.documentation.swagger2.web.Swagger2Controller.getDocumentation(java.lang.String,javax.servlet.http.HttpServletRequest)]
2018-06-19 18:20:04.527 fetch-prj [           main] INFO  o.s.w.s.h.SimpleUrlHandlerMapping - Mapped URL path [/**/favicon.ico] onto handler of type [class org.springframework.web.servlet.resource.ResourceHttpRequestHandler]
2018-06-19 18:20:04.589 fetch-prj [           main] INFO  o.s.w.s.m.m.a.RequestMappingHandlerAdapter - Looking for @ControllerAdvice: org.springframework.boot.web.servlet.context.AnnotationConfigServletWebServerApplicationContext@1583741e: startup date [Tue Jun 19 18:19:42 CST 2018]; root of context hierarchy
2018-06-19 18:20:04.632 fetch-prj [           main] INFO  o.s.w.s.h.SimpleUrlHandlerMapping - Root mapping to handler of type [class org.springframework.web.servlet.mvc.ParameterizableViewController]
2018-06-19 18:20:04.632 fetch-prj [           main] INFO  o.s.w.s.h.SimpleUrlHandlerMapping - Mapped URL path [/null] onto handler of type [class org.springframework.web.servlet.mvc.ParameterizableViewController]
2018-06-19 18:20:04.762 fetch-prj [           main] INFO  o.s.w.s.h.SimpleUrlHandlerMapping - Mapped URL path [/webjars/**] onto handler of type [class org.springframework.web.servlet.resource.ResourceHttpRequestHandler]
2018-06-19 18:20:04.762 fetch-prj [           main] INFO  o.s.w.s.h.SimpleUrlHandlerMapping - Mapped URL path [/**] onto handler of type [class org.springframework.web.servlet.resource.ResourceHttpRequestHandler]
2018-06-19 18:20:04.762 fetch-prj [           main] INFO  o.s.w.s.h.SimpleUrlHandlerMapping - Mapped URL path [/fs/**] onto handler of type [class org.springframework.web.servlet.resource.ResourceHttpRequestHandler]
2018-06-19 18:20:05.472 fetch-prj [           main] INFO  o.s.j.e.a.AnnotationMBeanExporter - Registering beans for JMX exposure on startup
2018-06-19 18:20:05.474 fetch-prj [           main] INFO  o.s.j.e.a.AnnotationMBeanExporter - Bean with name 'getDataSource' has been autodetected for JMX exposure
2018-06-19 18:20:05.474 fetch-prj [           main] INFO  o.s.j.e.a.AnnotationMBeanExporter - Bean with name 'dataSource' has been autodetected for JMX exposure
2018-06-19 18:20:05.479 fetch-prj [           main] INFO  o.s.j.e.a.AnnotationMBeanExporter - Located MBean 'getDataSource': registering with JMX server as MBean [com.alibaba.druid.pool:name=getDataSource,type=DruidDataSource]
2018-06-19 18:20:05.480 fetch-prj [           main] INFO  o.s.j.e.a.AnnotationMBeanExporter - Located MBean 'dataSource': registering with JMX server as MBean [com.alibaba.druid.pool:name=dataSource,type=DruidDataSource]
2018-06-19 18:20:05.484 fetch-prj [           main] INFO  o.s.c.s.DefaultLifecycleProcessor - Starting beans in phase 2147483647
2018-06-19 18:20:05.484 fetch-prj [           main] INFO  s.d.s.w.p.DocumentationPluginsBootstrapper - Context refreshed
2018-06-19 18:20:05.505 fetch-prj [           main] INFO  s.d.s.w.p.DocumentationPluginsBootstrapper - Found 1 custom documentation plugin(s)
2018-06-19 18:20:05.545 fetch-prj [           main] INFO  s.d.s.w.s.ApiListingReferenceScanner - Scanning for api listing references
2018-06-19 18:20:05.564 fetch-prj [           main] INFO  o.a.coyote.http11.Http11NioProtocol - Starting ProtocolHandler ["http-nio-30001"]
2018-06-19 18:20:05.577 fetch-prj [           main] INFO  o.a.tomcat.util.net.NioSelectorPool - Using a shared selector for servlet write/read
2018-06-19 18:20:05.626 fetch-prj [           main] INFO  o.s.b.w.e.tomcat.TomcatWebServer - Tomcat started on port(s): 30001 (http) with context path ''
2018-06-19 18:20:05.633 fetch-prj [           main] INFO  com.sbolo.syk.fetchApplication - Started fetchApplication in 23.424 seconds (JVM running for 23.849)
